2024-09-28 06:51:22.058 [info] Extension host with pid 20148 started
2024-09-28 06:51:22.058 [info] Skipping acquiring lock for /mnt/ditlhake/ticket++_ng/~/.vscode-root/User/workspaceStorage/047751723401f061448706f6b2dd7801.
2024-09-28 06:51:22.217 [info] ExtensionService#_doActivateExtension vscode.git-base, startup: true, activationEvent: '*', root cause: vscode.git
2024-09-28 06:51:22.249 [info] ExtensionService#_doActivateExtension vscode.git, startup: true, activationEvent: '*'
2024-09-28 06:51:22.276 [info] ExtensionService#_doActivateExtension vscode.github, startup: true, activationEvent: '*'
2024-09-28 06:51:22.330 [info] Eager extensions activated
2024-09-28 06:51:22.367 [info] ExtensionService#_doActivateExtension vscode.debug-auto-launch, startup: false, activationEvent: 'onStartupFinished'
2024-09-28 06:51:22.370 [info] ExtensionService#_doActivateExtension vscode.merge-conflict, startup: false, activationEvent: 'onStartupFinished'
2024-09-28 06:51:31.860 [warning] [Decorations] CAPPING events from decorations provider vscode.git 2685
2024-09-28 06:51:32.166 [warning] [Decorations] CAPPING events from decorations provider vscode.git 2685
2024-09-28 06:51:32.173 [info] ExtensionService#_doActivateExtension vscode.emmet, startup: false, activationEvent: 'onLanguage'
2024-09-28 06:51:32.883 [error] Error: No such branch: main.
	at N.getBranch (/usr/share/code/resources/app/extensions/git/dist/main.js:2:937115)
	at async T.retryRun (/usr/share/code/resources/app/extensions/git/dist/main.js:2:1032816)
	at async T.run (/usr/share/code/resources/app/extensions/git/dist/main.js:2:1032420)
	at async T.getBranch (/usr/share/code/resources/app/extensions/git/dist/main.js:2:1020563)
	at async T.getBranchBase (/usr/share/code/resources/app/extensions/git/dist/main.js:2:1020849)
	at async t.GitHistoryProvider.resolveHEADMergeBase (/usr/share/code/resources/app/extensions/git/dist/main.js:2:948410)
	at async t.GitHistoryProvider.onDidRunGitStatus (/usr/share/code/resources/app/extensions/git/dist/main.js:2:941737)
2024-09-28 06:51:33.218 [error] Error: No such branch: main.
	at N.getBranch (/usr/share/code/resources/app/extensions/git/dist/main.js:2:937115)
	at async T.retryRun (/usr/share/code/resources/app/extensions/git/dist/main.js:2:1032816)
	at async T.run (/usr/share/code/resources/app/extensions/git/dist/main.js:2:1032420)
	at async T.getBranch (/usr/share/code/resources/app/extensions/git/dist/main.js:2:1020563)
	at async T.getBranchBase (/usr/share/code/resources/app/extensions/git/dist/main.js:2:1020849)
	at async t.GitHistoryProvider.resolveHEADMergeBase (/usr/share/code/resources/app/extensions/git/dist/main.js:2:948410)
	at async t.GitHistoryProvider.onDidRunGitStatus (/usr/share/code/resources/app/extensions/git/dist/main.js:2:941737)
2024-09-28 06:51:34.406 [warning] [Decorations] CAPPING events from decorations provider vscode.git 2685
2024-09-28 06:51:35.413 [error] Error: No such branch: main.
	at N.getBranch (/usr/share/code/resources/app/extensions/git/dist/main.js:2:937115)
	at async T.retryRun (/usr/share/code/resources/app/extensions/git/dist/main.js:2:1032816)
	at async T.run (/usr/share/code/resources/app/extensions/git/dist/main.js:2:1032420)
	at async T.getBranch (/usr/share/code/resources/app/extensions/git/dist/main.js:2:1020563)
	at async T.getBranchBase (/usr/share/code/resources/app/extensions/git/dist/main.js:2:1020849)
	at async t.GitHistoryProvider.resolveHEADMergeBase (/usr/share/code/resources/app/extensions/git/dist/main.js:2:948410)
	at async t.GitHistoryProvider.onDidRunGitStatus (/usr/share/code/resources/app/extensions/git/dist/main.js:2:941737)
2024-09-28 06:51:39.466 [warning] [Decorations] CAPPING events from decorations provider vscode.git 2685
2024-09-28 06:51:40.476 [error] Error: No such branch: main.
	at N.getBranch (/usr/share/code/resources/app/extensions/git/dist/main.js:2:937115)
	at async T.retryRun (/usr/share/code/resources/app/extensions/git/dist/main.js:2:1032816)
	at async T.run (/usr/share/code/resources/app/extensions/git/dist/main.js:2:1032420)
	at async T.getBranch (/usr/share/code/resources/app/extensions/git/dist/main.js:2:1020563)
	at async T.getBranchBase (/usr/share/code/resources/app/extensions/git/dist/main.js:2:1020849)
	at async t.GitHistoryProvider.resolveHEADMergeBase (/usr/share/code/resources/app/extensions/git/dist/main.js:2:948410)
	at async t.GitHistoryProvider.onDidRunGitStatus (/usr/share/code/resources/app/extensions/git/dist/main.js:2:941737)
2024-09-28 06:51:44.530 [warning] [Decorations] CAPPING events from decorations provider vscode.git 2685
2024-09-28 06:51:45.537 [error] Error: No such branch: main.
	at N.getBranch (/usr/share/code/resources/app/extensions/git/dist/main.js:2:937115)
	at async T.retryRun (/usr/share/code/resources/app/extensions/git/dist/main.js:2:1032816)
	at async T.run (/usr/share/code/resources/app/extensions/git/dist/main.js:2:1032420)
	at async T.getBranch (/usr/share/code/resources/app/extensions/git/dist/main.js:2:1020563)
	at async T.getBranchBase (/usr/share/code/resources/app/extensions/git/dist/main.js:2:1020849)
	at async t.GitHistoryProvider.resolveHEADMergeBase (/usr/share/code/resources/app/extensions/git/dist/main.js:2:948410)
	at async t.GitHistoryProvider.onDidRunGitStatus (/usr/share/code/resources/app/extensions/git/dist/main.js:2:941737)
2024-09-28 06:51:49.603 [warning] [Decorations] CAPPING events from decorations provider vscode.git 2685
2024-09-28 06:51:50.611 [error] Error: No such branch: main.
	at N.getBranch (/usr/share/code/resources/app/extensions/git/dist/main.js:2:937115)
	at async T.retryRun (/usr/share/code/resources/app/extensions/git/dist/main.js:2:1032816)
	at async T.run (/usr/share/code/resources/app/extensions/git/dist/main.js:2:1032420)
	at async T.getBranch (/usr/share/code/resources/app/extensions/git/dist/main.js:2:1020563)
	at async T.getBranchBase (/usr/share/code/resources/app/extensions/git/dist/main.js:2:1020849)
	at async t.GitHistoryProvider.resolveHEADMergeBase (/usr/share/code/resources/app/extensions/git/dist/main.js:2:948410)
	at async t.GitHistoryProvider.onDidRunGitStatus (/usr/share/code/resources/app/extensions/git/dist/main.js:2:941737)
2024-09-28 06:51:54.660 [warning] [Decorations] CAPPING events from decorations provider vscode.git 2685
2024-09-28 06:51:55.666 [error] Error: No such branch: main.
	at N.getBranch (/usr/share/code/resources/app/extensions/git/dist/main.js:2:937115)
	at async T.retryRun (/usr/share/code/resources/app/extensions/git/dist/main.js:2:1032816)
	at async T.run (/usr/share/code/resources/app/extensions/git/dist/main.js:2:1032420)
	at async T.getBranch (/usr/share/code/resources/app/extensions/git/dist/main.js:2:1020563)
	at async T.getBranchBase (/usr/share/code/resources/app/extensions/git/dist/main.js:2:1020849)
	at async t.GitHistoryProvider.resolveHEADMergeBase (/usr/share/code/resources/app/extensions/git/dist/main.js:2:948410)
	at async t.GitHistoryProvider.onDidRunGitStatus (/usr/share/code/resources/app/extensions/git/dist/main.js:2:941737)
2024-09-28 06:51:59.723 [warning] [Decorations] CAPPING events from decorations provider vscode.git 2683
2024-09-28 06:52:00.728 [error] Error: No such branch: main.
	at N.getBranch (/usr/share/code/resources/app/extensions/git/dist/main.js:2:937115)
	at async T.retryRun (/usr/share/code/resources/app/extensions/git/dist/main.js:2:1032816)
	at async T.run (/usr/share/code/resources/app/extensions/git/dist/main.js:2:1032420)
	at async T.getBranch (/usr/share/code/resources/app/extensions/git/dist/main.js:2:1020563)
	at async T.getBranchBase (/usr/share/code/resources/app/extensions/git/dist/main.js:2:1020849)
	at async t.GitHistoryProvider.resolveHEADMergeBase (/usr/share/code/resources/app/extensions/git/dist/main.js:2:948410)
	at async t.GitHistoryProvider.onDidRunGitStatus (/usr/share/code/resources/app/extensions/git/dist/main.js:2:941737)
2024-09-28 06:52:04.785 [warning] [Decorations] CAPPING events from decorations provider vscode.git 2683
2024-09-28 06:52:05.791 [error] Error: No such branch: main.
	at N.getBranch (/usr/share/code/resources/app/extensions/git/dist/main.js:2:937115)
	at async T.retryRun (/usr/share/code/resources/app/extensions/git/dist/main.js:2:1032816)
	at async T.run (/usr/share/code/resources/app/extensions/git/dist/main.js:2:1032420)
	at async T.getBranch (/usr/share/code/resources/app/extensions/git/dist/main.js:2:1020563)
	at async T.getBranchBase (/usr/share/code/resources/app/extensions/git/dist/main.js:2:1020849)
	at async t.GitHistoryProvider.resolveHEADMergeBase (/usr/share/code/resources/app/extensions/git/dist/main.js:2:948410)
	at async t.GitHistoryProvider.onDidRunGitStatus (/usr/share/code/resources/app/extensions/git/dist/main.js:2:941737)
2024-09-28 06:52:09.856 [warning] [Decorations] CAPPING events from decorations provider vscode.git 2683
2024-09-28 06:52:10.864 [error] Error: No such branch: main.
	at N.getBranch (/usr/share/code/resources/app/extensions/git/dist/main.js:2:937115)
	at async T.retryRun (/usr/share/code/resources/app/extensions/git/dist/main.js:2:1032816)
	at async T.run (/usr/share/code/resources/app/extensions/git/dist/main.js:2:1032420)
	at async T.getBranch (/usr/share/code/resources/app/extensions/git/dist/main.js:2:1020563)
	at async T.getBranchBase (/usr/share/code/resources/app/extensions/git/dist/main.js:2:1020849)
	at async t.GitHistoryProvider.resolveHEADMergeBase (/usr/share/code/resources/app/extensions/git/dist/main.js:2:948410)
	at async t.GitHistoryProvider.onDidRunGitStatus (/usr/share/code/resources/app/extensions/git/dist/main.js:2:941737)
2024-09-28 06:52:26.716 [warning] [Decorations] CAPPING events from decorations provider vscode.git 2683
2024-09-28 06:52:27.721 [error] Error: No such branch: main.
	at N.getBranch (/usr/share/code/resources/app/extensions/git/dist/main.js:2:937115)
	at async T.retryRun (/usr/share/code/resources/app/extensions/git/dist/main.js:2:1032816)
	at async T.run (/usr/share/code/resources/app/extensions/git/dist/main.js:2:1032420)
	at async T.getBranch (/usr/share/code/resources/app/extensions/git/dist/main.js:2:1020563)
	at async T.getBranchBase (/usr/share/code/resources/app/extensions/git/dist/main.js:2:1020849)
	at async t.GitHistoryProvider.resolveHEADMergeBase (/usr/share/code/resources/app/extensions/git/dist/main.js:2:948410)
	at async t.GitHistoryProvider.onDidRunGitStatus (/usr/share/code/resources/app/extensions/git/dist/main.js:2:941737)
2024-09-28 06:52:31.800 [warning] [Decorations] CAPPING events from decorations provider vscode.git 2683
2024-09-28 06:52:32.806 [error] Error: No such branch: main.
	at N.getBranch (/usr/share/code/resources/app/extensions/git/dist/main.js:2:937115)
	at async T.retryRun (/usr/share/code/resources/app/extensions/git/dist/main.js:2:1032816)
	at async T.run (/usr/share/code/resources/app/extensions/git/dist/main.js:2:1032420)
	at async T.getBranch (/usr/share/code/resources/app/extensions/git/dist/main.js:2:1020563)
	at async T.getBranchBase (/usr/share/code/resources/app/extensions/git/dist/main.js:2:1020849)
	at async t.GitHistoryProvider.resolveHEADMergeBase (/usr/share/code/resources/app/extensions/git/dist/main.js:2:948410)
	at async t.GitHistoryProvider.onDidRunGitStatus (/usr/share/code/resources/app/extensions/git/dist/main.js:2:941737)
2024-09-28 06:55:55.606 [info] ExtensionService#_doActivateExtension vscode.css-language-features, startup: false, activationEvent: 'onLanguage:css'
2024-09-28 06:56:15.931 [info] ExtensionService#_doActivateExtension vscode.html-language-features, startup: false, activationEvent: 'onLanguage:html'
2024-09-28 06:56:27.103 [info] ExtensionService#_doActivateExtension vscode.media-preview, startup: false, activationEvent: 'onCustomEditor:imagePreview.previewEditor'
