2024-09-28 06:44:42.263 [info] Extension host with pid 19558 started
2024-09-28 06:44:42.466 [info] ExtensionService#_doActivateExtension vscode.git-base, startup: true, activationEvent: '*', root cause: vscode.git
2024-09-28 06:44:42.531 [info] ExtensionService#_doActivateExtension vscode.git, startup: true, activationEvent: '*'
2024-09-28 06:44:42.621 [info] ExtensionService#_doActivateExtension vscode.github, startup: true, activationEvent: '*'
2024-09-28 06:44:42.759 [info] Eager extensions activated
2024-09-28 06:44:42.794 [info] ExtensionService#_doActivateExtension vscode.debug-auto-launch, startup: false, activationEvent: 'onStartupFinished'
2024-09-28 06:44:42.796 [info] ExtensionService#_doActivateExtension vscode.merge-conflict, startup: false, activationEvent: 'onStartupFinished'
2024-09-28 06:45:51.188 [info] Extension host terminating: renderer closed the MessagePort
2024-09-28 06:45:51.199 [info] Extension host with pid 19558 exiting with code 0
2024-09-28 06:45:52.039 [info] Extension host with pid 19704 started
2024-09-28 06:45:52.039 [info] Skipping acquiring lock for /mnt/ditlhake/ticket++_ng/~/.vscode-root/User/workspaceStorage/047751723401f061448706f6b2dd7801.
2024-09-28 06:45:52.131 [info] ExtensionService#_doActivateExtension vscode.git-base, startup: true, activationEvent: '*'
2024-09-28 06:45:52.157 [info] ExtensionService#_doActivateExtension vscode.github, startup: true, activationEvent: '*'
2024-09-28 06:45:52.176 [info] Eager extensions activated
2024-09-28 06:45:52.218 [info] ExtensionService#_doActivateExtension vscode.debug-auto-launch, startup: false, activationEvent: 'onStartupFinished'
2024-09-28 06:45:52.220 [info] ExtensionService#_doActivateExtension vscode.merge-conflict, startup: false, activationEvent: 'onStartupFinished'
2024-09-28 06:45:55.215 [info] ExtensionService#_doActivateExtension vscode.git, startup: false, activationEvent: 'api', root cause: vscode.github
2024-09-28 06:46:12.009 [info] ExtensionService#_doActivateExtension vscode.configuration-editing, startup: false, activationEvent: 'onLanguage:jsonc'
2024-09-28 06:46:12.028 [info] ExtensionService#_doActivateExtension vscode.json-language-features, startup: false, activationEvent: 'onLanguage:jsonc'
2024-09-28 06:46:12.106 [info] ExtensionService#_doActivateExtension vscode.typescript-language-features, startup: false, activationEvent: 'onLanguage:jsonc'
2024-09-28 06:46:12.158 [info] ExtensionService#_doActivateExtension vscode.emmet, startup: false, activationEvent: 'onLanguage'
2024-09-28 06:50:14.077 [info] Extension host terminating: renderer closed the MessagePort
2024-09-28 06:50:14.100 [info] Extension host with pid 19704 exiting with code 0
