2024-09-28 06:01:27.047 [info] Added views:workbench.panel.markers.view in workbench.panel.markers
2024-09-28 06:01:27.047 [info] Added views:workbench.panel.output in workbench.panel.output
2024-09-28 06:01:27.047 [info] Added views:terminal in terminal
2024-09-28 06:01:27.047 [info] Added views:outline in workbench.view.explorer
2024-09-28 06:01:27.047 [info] Added views:workbench.scm in workbench.view.scm
2024-09-28 06:01:27.047 [info] Added views:workbench.view.search in workbench.view.search
2024-09-28 06:01:27.047 [info] Added views:timeline in workbench.view.explorer
2024-09-28 06:01:27.047 [info] Added views:workbench.explorer.emptyView in workbench.view.explorer
2024-09-28 06:01:27.466 [info] Added views:workbench.debug.variablesView,workbench.debug.watchExpressionsView,workbench.debug.callStackView,workbench.debug.breakPointsView in workbench.view.debug
2024-09-28 06:01:27.700 [info] Added views:workbench.panel.repl.view in workbench.panel.repl
2024-09-28 06:01:27.701 [info] Removed views:workbench.debug.breakPointsView,workbench.debug.callStackView,workbench.debug.watchExpressionsView,workbench.debug.variablesView from workbench.view.debug
2024-09-28 06:01:27.702 [info] Added views:workbench.debug.welcome in workbench.view.debug
2024-09-28 06:01:27.817 [info] Added views:~remote.forwardedPorts in ~remote.forwardedPortsContainer
2024-09-28 06:02:08.963 [info] Added views:workbench.panel.markers.view in workbench.panel.markers
2024-09-28 06:02:08.963 [info] Added views:workbench.panel.output in workbench.panel.output
2024-09-28 06:02:08.963 [info] Added views:terminal in terminal
2024-09-28 06:02:08.963 [info] Added views:outline in workbench.view.explorer
2024-09-28 06:02:08.963 [info] Added views:workbench.scm in workbench.view.scm
2024-09-28 06:02:08.963 [info] Added views:workbench.view.search in workbench.view.search
2024-09-28 06:02:08.963 [info] Added views:timeline in workbench.view.explorer
2024-09-28 06:02:08.963 [info] Added views:workbench.explorer.fileView in workbench.view.explorer
2024-09-28 06:02:09.419 [info] Added views:workbench.debug.variablesView,workbench.debug.watchExpressionsView,workbench.debug.callStackView,workbench.debug.breakPointsView in workbench.view.debug
2024-09-28 06:02:09.452 [info] Added views:workbench.panel.repl.view in workbench.panel.repl
2024-09-28 06:02:09.453 [info] Removed views:workbench.debug.breakPointsView,workbench.debug.callStackView,workbench.debug.watchExpressionsView,workbench.debug.variablesView from workbench.view.debug
2024-09-28 06:02:09.453 [info] Added views:workbench.debug.welcome in workbench.view.debug
2024-09-28 06:02:09.729 [info] Added views:~remote.forwardedPorts in ~remote.forwardedPortsContainer
