2024-09-28 06:44:41.669 [info] Added views:workbench.panel.markers.view in workbench.panel.markers
2024-09-28 06:44:41.669 [info] Added views:workbench.panel.output in workbench.panel.output
2024-09-28 06:44:41.669 [info] Added views:terminal in terminal
2024-09-28 06:44:41.669 [info] Added views:outline in workbench.view.explorer
2024-09-28 06:44:41.669 [info] Added views:workbench.scm in workbench.view.scm
2024-09-28 06:44:41.669 [info] Added views:workbench.view.search in workbench.view.search
2024-09-28 06:44:41.669 [info] Added views:timeline in workbench.view.explorer
2024-09-28 06:44:41.669 [info] Added views:workbench.explorer.emptyView in workbench.view.explorer
2024-09-28 06:44:41.940 [info] Added views:workbench.debug.variablesView,workbench.debug.watchExpressionsView,workbench.debug.callStackView,workbench.debug.breakPointsView in workbench.view.debug
2024-09-28 06:44:42.306 [info] Added views:~remote.forwardedPorts in ~remote.forwardedPortsContainer
2024-09-28 06:44:42.463 [info] Added views:workbench.panel.repl.view in workbench.panel.repl
2024-09-28 06:44:42.465 [info] Removed views:workbench.debug.breakPointsView,workbench.debug.callStackView,workbench.debug.watchExpressionsView,workbench.debug.variablesView from workbench.view.debug
2024-09-28 06:44:42.465 [info] Added views:workbench.debug.welcome in workbench.view.debug
2024-09-28 06:45:51.660 [info] Added views:workbench.panel.markers.view in workbench.panel.markers
2024-09-28 06:45:51.660 [info] Added views:workbench.panel.output in workbench.panel.output
2024-09-28 06:45:51.660 [info] Added views:terminal in terminal
2024-09-28 06:45:51.660 [info] Added views:outline in workbench.view.explorer
2024-09-28 06:45:51.660 [info] Added views:workbench.scm in workbench.view.scm
2024-09-28 06:45:51.660 [info] Added views:workbench.view.search in workbench.view.search
2024-09-28 06:45:51.660 [info] Added views:timeline in workbench.view.explorer
2024-09-28 06:45:51.660 [info] Added views:workbench.explorer.fileView in workbench.view.explorer
2024-09-28 06:45:52.090 [info] Added views:workbench.debug.variablesView,workbench.debug.watchExpressionsView,workbench.debug.callStackView,workbench.debug.breakPointsView in workbench.view.debug
2024-09-28 06:45:52.128 [info] Added views:workbench.panel.repl.view in workbench.panel.repl
2024-09-28 06:45:52.129 [info] Removed views:workbench.debug.breakPointsView,workbench.debug.callStackView,workbench.debug.watchExpressionsView,workbench.debug.variablesView from workbench.view.debug
2024-09-28 06:45:52.130 [info] Added views:workbench.debug.welcome in workbench.view.debug
2024-09-28 06:45:52.185 [info] Added views:~remote.forwardedPorts in ~remote.forwardedPortsContainer
