2024-09-28 06:01:27.629 [info] Extension host with pid 16570 started
2024-09-28 06:01:27.702 [info] ExtensionService#_doActivateExtension vscode.git-base, startup: true, activationEvent: '*', root cause: vscode.git
2024-09-28 06:01:27.748 [info] ExtensionService#_doActivateExtension vscode.git, startup: true, activationEvent: '*'
2024-09-28 06:01:27.825 [info] ExtensionService#_doActivateExtension vscode.github, startup: true, activationEvent: '*'
2024-09-28 06:01:27.944 [info] Eager extensions activated
2024-09-28 06:01:28.033 [info] ExtensionService#_doActivateExtension vscode.debug-auto-launch, startup: false, activationEvent: 'onStartupFinished'
2024-09-28 06:01:28.036 [info] ExtensionService#_doActivateExtension vscode.merge-conflict, startup: false, activationEvent: 'onStartupFinished'
2024-09-28 06:02:08.490 [info] Extension host terminating: renderer closed the MessagePort
2024-09-28 06:02:08.506 [info] Extension host with pid 16570 exiting with code 0
2024-09-28 06:02:09.360 [info] Extension host with pid 16736 started
2024-09-28 06:02:09.360 [info] Skipping acquiring lock for /mnt/ditlhake/backup/v1.6/~/.vscode-root/User/workspaceStorage/80574c5bc9a06e74676b2b2c26131586.
2024-09-28 06:02:09.454 [info] ExtensionService#_doActivateExtension vscode.git-base, startup: true, activationEvent: '*'
2024-09-28 06:02:09.490 [info] ExtensionService#_doActivateExtension vscode.github, startup: true, activationEvent: '*'
2024-09-28 06:02:09.511 [info] Eager extensions activated
2024-09-28 06:02:09.537 [info] ExtensionService#_doActivateExtension vscode.debug-auto-launch, startup: false, activationEvent: 'onStartupFinished'
2024-09-28 06:02:09.541 [info] ExtensionService#_doActivateExtension vscode.merge-conflict, startup: false, activationEvent: 'onStartupFinished'
2024-09-28 06:02:12.668 [info] ExtensionService#_doActivateExtension vscode.git, startup: false, activationEvent: 'api', root cause: vscode.github
2024-09-28 06:02:14.040 [info] ExtensionService#_doActivateExtension vscode.html-language-features, startup: false, activationEvent: 'onLanguage:html'
2024-09-28 06:02:14.123 [info] ExtensionService#_doActivateExtension vscode.emmet, startup: false, activationEvent: 'onLanguage'
2024-09-28 06:06:17.843 [info] ExtensionService#_doActivateExtension vscode.css-language-features, startup: false, activationEvent: 'onLanguage:css'
2024-09-28 06:16:22.046 [info] ExtensionService#_doActivateExtension vscode.typescript-language-features, startup: false, activationEvent: 'onLanguage:javascript'
2024-09-28 06:21:43.807 [info] Extension host terminating: renderer closed the MessagePort
2024-09-28 06:21:43.842 [info] Extension host with pid 16736 exiting with code 0
